<?xml version="1.0" encoding="UTF-8" ?>
<testsuite errors="0" failures="0" hostname="hartzpass.local" name="com.continuent.tungsten.replicator.pipeline.PipelineTest" tests="12" time="163.138" timestamp="2011-05-22T20:00:55">
  <properties>
[...]
</properties>
  <testcase classname="com.continuent.tungsten.replicator.pipeline.PipelineTest" name="testSimplePipeline" time="0.064" />
  <testcase classname="com.continuent.tungsten.replicator.pipeline.PipelineTest" name="testStartStopPipeline" time="0.021" />
  <testcase classname="com.continuent.tungsten.replicator.pipeline.PipelineTest" name="testSeqnoTracking" time="1.009" />
  <testcase classname="com.continuent.tungsten.replicator.pipeline.PipelineTest" name="testSeqnoSkip" time="1.025" />
  <testcase classname="com.continuent.tungsten.replicator.pipeline.PipelineTest" name="testRunToSeqno" time="1.015" />
  <testcase classname="com.continuent.tungsten.replicator.pipeline.PipelineTest" name="testRunToEventId" time="1.006" />
  <testcase classname="com.continuent.tungsten.replicator.pipeline.PipelineTest" name="testPipelineShutdownAfterEvent" time="1.008" />
  <testcase classname="com.continuent.tungsten.replicator.pipeline.PipelineTest" name="testActivePipelineShutdownAtSeqno" time="16.119" />
  <testcase classname="com.continuent.tungsten.replicator.pipeline.PipelineTest" name="testWaitSeqno" time="2.064" />
  <testcase classname="com.continuent.tungsten.replicator.pipeline.PipelineTest" name="testTwoStages" time="0.051" />
  <testcase classname="com.continuent.tungsten.replicator.pipeline.PipelineTest" name="testFragmentHandling" time="0.011" />
  <testcase classname="com.continuent.tungsten.replicator.pipeline.PipelineTest" name="testManyEvents" time="139.658" />
  <system-out><![CDATA[]]></system-out>
  <system-err><![CDATA[log4j:WARN No appenders could be found for logger (com.continuent.tungsten.replicator.pipeline.PipelineConfigBuilder).
log4j:WARN Please initialize the log4j system properly.
]]></system-err>
</testsuite>
